<?xml version="1.0" encoding="UTF-8"?>
<testng-results ignored="0" total="1" passed="1" failed="0" skipped="0">
  <reporter-output>
  </reporter-output>
  <suite started-at="2020-11-20T22:28:29 EST" name="Default suite" finished-at="2020-11-20T22:28:49 EST" duration-ms="19922">
    <groups>
    </groups>
    <test started-at="2020-11-20T22:28:29 EST" name="Default test" finished-at="2020-11-20T22:28:49 EST" duration-ms="19922">
      <class name="com.testexecution.SmokeTestWithTEstNG">
        <test-method is-config="true" signature="getDriverSetup()[pri:0, instance:com.testexecution.SmokeTestWithTEstNG@32910148]" started-at="2020-11-20T22:28:29 EST" name="getDriverSetup" finished-at="2020-11-20T22:28:42 EST" duration-ms="12979" status="PASS">
          <reporter-output>
          </reporter-output>
        </test-method> <!-- getDriverSetup -->
        <test-method signature="getTest()[pri:0, instance:com.testexecution.SmokeTestWithTEstNG@32910148]" started-at="2020-11-20T22:28:42 EST" name="getTest" finished-at="2020-11-20T22:28:45 EST" duration-ms="2913" status="PASS">
          <reporter-output>
          </reporter-output>
        </test-method> <!-- getTest -->
        <test-method is-config="true" signature="getClose()[pri:0, instance:com.testexecution.SmokeTestWithTEstNG@32910148]" started-at="2020-11-20T22:28:45 EST" name="getClose" finished-at="2020-11-20T22:28:49 EST" duration-ms="3973" status="PASS">
          <reporter-output>
          </reporter-output>
        </test-method> <!-- getClose -->
      </class> <!-- com.testexecution.SmokeTestWithTEstNG -->
    </test> <!-- Default test -->
  </suite> <!-- Default suite -->
</testng-results>
